0 info it worked if it ends with ok
1 verbose cli [ 'node', '/home/vagrant/.nvm/v0.10.33/bin/npm', 'start' ]
2 info using npm@3.5.3
3 info using node@v0.10.33
4 verbose run-script [ 'prestart', 'start', 'poststart' ]
5 info lifecycle landing_page@1.0.0~prestart: landing_page@1.0.0
6 silly lifecycle landing_page@1.0.0~prestart: no script for prestart, continuing
7 info lifecycle landing_page@1.0.0~start: landing_page@1.0.0
8 verbose lifecycle landing_page@1.0.0~start: unsafe-perm in lifecycle true
9 verbose lifecycle landing_page@1.0.0~start: PATH: /home/vagrant/.nvm/v0.10.33/lib/node_modules/npm/bin/node-gyp-bin:/vagrant/token/node_modules/.bin:/usr/local/heroku/bin:/home/vagrant/.nvm/v0.10.33/bin:/usr/local/rvm/gems/ruby-2.1.3/bin:/usr/local/rvm/gems/ruby-2.1.3@global/bin:/usr/local/rvm/rubies/ruby-2.1.3/bin:/usr/local/sbin:/usr/local/bin:/usr/sbin:/usr/bin:/sbin:/bin:/usr/games:/usr/local/rvm/bin:/opt/vagrant_ruby/bin
10 verbose lifecycle landing_page@1.0.0~start: CWD: /vagrant/token
11 silly lifecycle landing_page@1.0.0~start: Args: [ '-c', 'node app.js' ]
12 silly lifecycle landing_page@1.0.0~start: Returned: code: 8  signal: null
13 info lifecycle landing_page@1.0.0~start: Failed to exec start script
14 verbose stack Error: landing_page@1.0.0 start: `node app.js`
14 verbose stack Exit status 8
14 verbose stack     at EventEmitter.<anonymous> (/home/vagrant/.nvm/v0.10.33/lib/node_modules/npm/lib/utils/lifecycle.js:232:16)
14 verbose stack     at EventEmitter.emit (events.js:98:17)
14 verbose stack     at ChildProcess.<anonymous> (/home/vagrant/.nvm/v0.10.33/lib/node_modules/npm/lib/utils/spawn.js:24:14)
14 verbose stack     at ChildProcess.emit (events.js:98:17)
14 verbose stack     at maybeClose (child_process.js:756:16)
14 verbose stack     at Process.ChildProcess._handle.onexit (child_process.js:823:5)
15 verbose pkgid landing_page@1.0.0
16 verbose cwd /vagrant/token
17 error Linux 3.2.0-65-generic-pae
18 error argv "node" "/home/vagrant/.nvm/v0.10.33/bin/npm" "start"
19 error node v0.10.33
20 error npm  v3.5.3
21 error code ELIFECYCLE
22 error landing_page@1.0.0 start: `node app.js`
22 error Exit status 8
23 error Failed at the landing_page@1.0.0 start script 'node app.js'.
23 error Make sure you have the latest version of node.js and npm installed.
23 error If you do, this is most likely a problem with the landing_page package,
23 error not with npm itself.
23 error Tell the author that this fails on your system:
23 error     node app.js
23 error You can get information on how to open an issue for this project with:
23 error     npm bugs landing_page
23 error Or if that isn't available, you can get their info via:
23 error     npm owner ls landing_page
23 error There is likely additional logging output above.
24 verbose exit [ 1, true ]
